<?xml version="1.0" encoding="UTF-8"?>
<!-- Generated by org.testng.reporters.JUnitReportReporter -->
<testsuite skipped="0" hostname="DESKTOP-2V3M5F3" name="tests.Activity2_2" tests="4" failures="0" timestamp="2020-10-06T19:24:30 IST" time="22.257" errors="0">
  <testcase name="add" time="5.266" classname="tests.Activity2_2"/>
  <testcase name="divide" time="6.150" classname="tests.Activity2_2"/>
  <testcase name="multiply" time="5.927" classname="tests.Activity2_2"/>
  <testcase name="subtract" time="4.914" classname="tests.Activity2_2"/>
</testsuite> <!-- tests.Activity2_2 -->
