<?xml version="1.0" encoding="UTF-8"?>
<!-- Generated by org.testng.reporters.JUnitReportReporter -->
<testsuite skipped="0" hostname="DESKTOP-2V3M5F3" name="tests.Activity2_1" tests="1" failures="0" timestamp="2020-10-06T18:48:09 IST" time="11.927" errors="0">
  <testcase name="testSearchAppium" time="11.927" classname="tests.Activity2_1"/>
</testsuite> <!-- tests.Activity2_1 -->
