<?xml version="1.0" encoding="UTF-8"?>
<!-- Generated by org.testng.reporters.JUnitReportReporter -->
<testsuite skipped="0" hostname="DESKTOP-2V3M5F3" name="tests.ScreenshotExample" tests="1" failures="0" timestamp="2020-10-06T18:49:11 IST" time="0.676" errors="0">
  <testcase name="mainTest" time="0.676" classname="tests.ScreenshotExample"/>
</testsuite> <!-- tests.ScreenshotExample -->
